set -o pipefail; /usr/bin/mysqldump --user=_b62fe42519dd5276 --host=127.0.0.1 --port=3306 --password=********** --single-transaction --quick --lock-tables=false _b62fe42519dd5276 | /usr/bin/gzip >> ./blox-ml/private/backups/20240827_120002-blox-ml-database.sql.gz

Backup Summary for blox-ml at 2024-08-27 12:00:03.789125
Config  : ./blox-ml/private/backups/20240827_120002-blox-ml-site_config_backup.json 94.0B
Database: ./blox-ml/private/backups/20240827_120002-blox-ml-database.sql.gz         816.1KiB
Backup for Site blox-ml has been successfully completed
set -o pipefail; /usr/bin/mysqldump --user=_5fe5cec372a7db0e --host=127.0.0.1 --port=3306 --password=********** --single-transaction --quick --lock-tables=false _5fe5cec372a7db0e | /usr/bin/gzip >> ./frappe-insights/private/backups/20240827_120003-frappe-insights-database.sql.gz

Backup Summary for frappe-insights at 2024-08-27 12:00:04.127129
Config  : ./frappe-insights/private/backups/20240827_120003-frappe-insights-site_config_backup.json 94.0B
Database: ./frappe-insights/private/backups/20240827_120003-frappe-insights-database.sql.gz         328.4KiB
Backup for Site frappe-insights has been successfully completed
set -o pipefail; /usr/bin/mysqldump --user=_b62fe42519dd5276 --host=127.0.0.1 --port=3306 --password=********** --single-transaction --quick --lock-tables=false _b62fe42519dd5276 | /usr/bin/gzip >> ./blox-ml/private/backups/20240828_120001-blox-ml-database.sql.gz

Backup Summary for blox-ml at 2024-08-28 12:00:03.446313
Config  : ./blox-ml/private/backups/20240828_120001-blox-ml-site_config_backup.json 94.0B
Database: ./blox-ml/private/backups/20240828_120001-blox-ml-database.sql.gz         816.1KiB
Backup for Site blox-ml has been successfully completed
File ./frappe-insights/private/backups/20240827_120003-frappe-insights-database.sql.gz is recent
File ./frappe-insights/private/backups/20240827_120003-frappe-insights-site_config_backup.json is recent
set -o pipefail; /usr/bin/mysqldump --user=_5fe5cec372a7db0e --host=127.0.0.1 --port=3306 --password=********** --single-transaction --quick --lock-tables=false _5fe5cec372a7db0e | /usr/bin/gzip >> ./frappe-insights/private/backups/20240828_120003-frappe-insights-database.sql.gz

Backup Summary for frappe-insights at 2024-08-28 12:00:04.051494
Config  : ./frappe-insights/private/backups/20240828_120003-frappe-insights-site_config_backup.json 94.0B
Database: ./frappe-insights/private/backups/20240828_120003-frappe-insights-database.sql.gz         328.4KiB
Backup for Site frappe-insights has been successfully completed
set -o pipefail; /usr/bin/mysqldump --user=_b62fe42519dd5276 --host=127.0.0.1 --port=3306 --password=********** --single-transaction --quick --lock-tables=false _b62fe42519dd5276 | /usr/bin/gzip >> ./blox-ml/private/backups/20240901_120002-blox-ml-database.sql.gz

Backup Summary for blox-ml at 2024-09-01 12:00:03.792919
Config  : ./blox-ml/private/backups/20240901_120002-blox-ml-site_config_backup.json 94.0B
Database: ./blox-ml/private/backups/20240901_120002-blox-ml-database.sql.gz         822.8KiB
Backup for Site blox-ml has been successfully completed
File ./frappe-insights/private/backups/20240828_120003-frappe-insights-site_config_backup.json is older than 24 hours
File ./frappe-insights/private/backups/20240827_120003-frappe-insights-database.sql.gz is older than 24 hours
File ./frappe-insights/private/backups/20240828_120003-frappe-insights-database.sql.gz is older than 24 hours
File ./frappe-insights/private/backups/20240827_120003-frappe-insights-site_config_backup.json is older than 24 hours
set -o pipefail; /usr/bin/mysqldump --user=_5fe5cec372a7db0e --host=127.0.0.1 --port=3306 --password=********** --single-transaction --quick --lock-tables=false _5fe5cec372a7db0e | /usr/bin/gzip >> ./frappe-insights/private/backups/20240901_120003-frappe-insights-database.sql.gz

Backup Summary for frappe-insights at 2024-09-01 12:00:04.443800
Config  : ./frappe-insights/private/backups/20240901_120003-frappe-insights-site_config_backup.json 94.0B
Database: ./frappe-insights/private/backups/20240901_120003-frappe-insights-database.sql.gz         331.7KiB
Backup for Site frappe-insights has been successfully completed
